0 info it worked if it ends with ok
1 verbose cli [ '/usr/bin/node', '/usr/bin/npm', 'start' ]
2 info using npm@3.5.2
3 info using node@v8.10.0
4 verbose run-script [ 'prestart', 'start', 'poststart' ]
5 info lifecycle bitcoindevlist.com@0.1.0~prestart: bitcoindevlist.com@0.1.0
6 silly lifecycle bitcoindevlist.com@0.1.0~prestart: no script for prestart, continuing
7 info lifecycle bitcoindevlist.com@0.1.0~start: bitcoindevlist.com@0.1.0
8 verbose lifecycle bitcoindevlist.com@0.1.0~start: unsafe-perm in lifecycle true
9 verbose lifecycle bitcoindevlist.com@0.1.0~start: PATH: /usr/share/npm/bin/node-gyp-bin:/mnt/c/Users/David/Documents/GitHub/nanodevlist/node_modules/.bin:/usr/local/sbin:/usr/local/bin:/usr/sbin:/usr/bin:/sbin:/bin:/usr/games:/usr/local/games:/mnt/c/Program Files (x86)/Common Files/Intel/Shared Libraries/redist/intel64/compiler:/mnt/c/Program Files/NVIDIA GPU Computing Toolkit/CUDA/v10.2/bin:/mnt/c/Program Files/NVIDIA GPU Computing Toolkit/CUDA/v10.2/libnvvp:/mnt/c/Program Files/ImageMagick-7.0.8-Q16:/mnt/c/windows/system32:/mnt/c/windows:/mnt/c/windows/System32/Wbem:/mnt/c/windows/System32/WindowsPowerShell/v1.0/:/mnt/c/Program Files (x86)/NVIDIA Corporation/PhysX/Common:/mnt/c/Program Files/Microsoft SQL Server/110/Tools/Binn/:/mnt/c/WINDOWS/system32:/mnt/c/WINDOWS:/mnt/c/WINDOWS/System32/Wbem:/mnt/c/WINDOWS/System32/WindowsPowerShell/v1.0/:/mnt/c/WINDOWS/System32/OpenSSH/:/mnt/c/Go/bin:/mnt/c/Program Files/dotnet/:/mnt/c/Program Files/NVIDIA Corporation/Nsight Compute 2019.5.0/:/mnt/c/Program Files/Microsoft VS Code/bin:/mnt/c/Program Files/nodejs/:/mnt/c/WINDOWS/system32:/mnt/c/WINDOWS:/mnt/c/WINDOWS/System32/Wbem:/mnt/c/WINDOWS/System32/WindowsPowerShell/v1.0/:/mnt/c/WINDOWS/System32/OpenSSH/:/mnt/c/Program Files/Gource/cmd:/mnt/c/Program Files/NVIDIA Corporation/NVIDIA NvDLISR:/mnt/c/Program Files/PowerShell/7/:/mnt/c/Program Files/Git/cmd:/mnt/c/cmake/bin:/mnt/c/Program Files/Docker/Docker/resources/bin:/mnt/c/ProgramData/DockerDesktop/version-bin:/mnt/c/Python27/:/mnt/c/Ruby27-x64/bin:/mnt/c/Users/David/AppData/Local/Programs/Python/Python38-32/Scripts/:/mnt/c/Users/David/AppData/Local/Programs/Python/Python38-32/:/mnt/c/Users/David/.cargo/bin:/mnt/c/Program Files/Microsoft VS Code/bin:/mnt/c/Users/David/go/bin:/mnt/c/Users/David/AppData/Local/atom/bin:/mnt/c/Users/David/AppData/Local/GitHubDesktop/bin:/mnt/c/Users/David/AppData/Roaming/Python/Python37/Scripts:/mnt/c/Users/David/AppData/Roaming/npm:/mnt/c/Users/David/AppData/Local/Microsoft/WindowsApps:/mnt/c/Program Files/ESET/ESET Security:/mnt/c/Program Files/CMake/bin:/mnt/c/Users/David/AppData/Local/Microsoft/WindowsApps:/mnt/c/mingw2/bin:/mnt/c/Users/David/.dotnet/tools:/mnt/c/NVPACK/android-sdk-windows/platform-tools:/mnt/c/NVPACK/android-sdk-windows/tools:/snap/bin
10 verbose lifecycle bitcoindevlist.com@0.1.0~start: CWD: /mnt/c/Users/David/Documents/GitHub/nanodevlist
11 silly lifecycle bitcoindevlist.com@0.1.0~start: Args: [ '-c', 'npm-run-all clean init -p start:*' ]
12 silly lifecycle bitcoindevlist.com@0.1.0~start: Returned: code: 1  signal: null
13 info lifecycle bitcoindevlist.com@0.1.0~start: Failed to exec start script
14 verbose stack Error: bitcoindevlist.com@0.1.0 start: `npm-run-all clean init -p start:*`
14 verbose stack Exit status 1
14 verbose stack     at EventEmitter.<anonymous> (/usr/share/npm/lib/utils/lifecycle.js:232:16)
14 verbose stack     at emitTwo (events.js:126:13)
14 verbose stack     at EventEmitter.emit (events.js:214:7)
14 verbose stack     at ChildProcess.<anonymous> (/usr/share/npm/lib/utils/spawn.js:24:14)
14 verbose stack     at emitTwo (events.js:126:13)
14 verbose stack     at ChildProcess.emit (events.js:214:7)
14 verbose stack     at maybeClose (internal/child_process.js:925:16)
14 verbose stack     at Process.ChildProcess._handle.onexit (internal/child_process.js:209:5)
15 verbose pkgid bitcoindevlist.com@0.1.0
16 verbose cwd /mnt/c/Users/David/Documents/GitHub/nanodevlist
17 error Linux 4.4.0-19041-Microsoft
18 error argv "/usr/bin/node" "/usr/bin/npm" "start"
19 error node v8.10.0
20 error npm  v3.5.2
21 error code ELIFECYCLE
22 error bitcoindevlist.com@0.1.0 start: `npm-run-all clean init -p start:*`
22 error Exit status 1
23 error Failed at the bitcoindevlist.com@0.1.0 start script 'npm-run-all clean init -p start:*'.
23 error Make sure you have the latest version of node.js and npm installed.
23 error If you do, this is most likely a problem with the bitcoindevlist.com package,
23 error not with npm itself.
23 error Tell the author that this fails on your system:
23 error     npm-run-all clean init -p start:*
23 error You can get information on how to open an issue for this project with:
23 error     npm bugs bitcoindevlist.com
23 error Or if that isn't available, you can get their info via:
23 error     npm owner ls bitcoindevlist.com
23 error There is likely additional logging output above.
24 verbose exit [ 1, true ]
